2025-12-10 14:13:25,937 - __main__ - INFO - Loaded configuration from config.yaml
2025-12-10 14:13:25,937 - __main__ - DEBUG - Configuration: {'data': {'path': '../../data/Wildfire_Dataset.csv', 'features': ['pr', 'rmax', 'rmin', 'sph', 'tmmn', 'tmmx', 'vs', 'vpd'], 'split_ratios': {'train': 0.8, 'val': 0.1, 'test': 0.1}, 'window_size': 30, 'temporal_bucket': 'quarter'}, 'model': {'name': 'LSTM', 'params': {'hidden_size': 64, 'num_layers': 2, 'dropout': 0.1, 'bidirectional': False}, 'threshold': 0.5}, 'training': {'batch_size': 32, 'epochs': 20, 'max_steps_per_epoch': 10000, 'learning_rate': 0.001, 'loss_function': 'BCE', 'minority_class_weight': 10, 'focal_gamma': 2.0, 'optimizer': 'Adam', 'tune_threshold': True, 'max_false_alarm_rate': 0.25, 'save_results': True, 'metrics': ['FireOnsetRecall', 'FalseAlarmRate', 'AUROC', 'TrueWildfires', 'PredictedWildfires', 'Precision', 'Recall', 'F1Score']}, 'system': {'seed': 42, 'log_dir': 'logs/', 'results_dir': 'results/', 'checkpoint_dir': 'checkpoints/', 'verbose': True, 'experiment_id': '20251210_141325_c75fd459'}}
2025-12-10 14:13:25,961 - trainer - INFO - Random seed set to 42 for reproducibility
2025-12-10 14:13:25,965 - trainer - INFO - Using CUDA device: NVIDIA GeForce RTX 4060 Laptop GPU
2025-12-10 14:13:25,971 - trainer - INFO - TensorBoard logs will be saved to logs/20251210_141325_c75fd459
2025-12-10 14:13:25,971 - trainer - INFO - Initializing datasets...
2025-12-10 14:13:25,971 - dataset - INFO - No cached data found, running preprocessing pipeline...
2025-12-10 14:13:25,971 - dataset - INFO - Loading data from ../../data/Wildfire_Dataset.csv
2025-12-10 14:13:32,415 - dataset - INFO - Applying data quality rules (imputation & clipping)...
2025-12-10 14:13:47,217 - dataset - INFO - Dropped 13920 duplicate rows
2025-12-10 14:13:47,586 - dataset - INFO - Col pr: Found 25725 sentinel values (likely 32767). Marking as NaN.
2025-12-10 14:13:47,713 - dataset - INFO - Col rmax: Found 25725 sentinel values (likely 32767). Marking as NaN.
2025-12-10 14:13:47,836 - dataset - INFO - Col rmin: Found 25725 sentinel values (likely 32767). Marking as NaN.
2025-12-10 14:13:47,954 - dataset - INFO - Col sph: Found 25725 sentinel values (likely 32767). Marking as NaN.
2025-12-10 14:13:48,095 - dataset - INFO - Col tmmn: Found 25725 sentinel values (likely 32767). Marking as NaN.
2025-12-10 14:13:48,222 - dataset - INFO - Col tmmx: Found 25725 sentinel values (likely 32767). Marking as NaN.
2025-12-10 14:13:48,374 - dataset - INFO - Col vs: Found 25725 sentinel values (likely 32767). Marking as NaN.
2025-12-10 14:13:48,498 - dataset - INFO - Col vpd: Found 25725 sentinel values (likely 32767). Marking as NaN.
2025-12-10 14:14:17,593 - dataset - DEBUG - Loaded dataframe with shape (9496005, 12)
2025-12-10 14:14:17,593 - dataset - INFO - Preprocessing data for all splits
2025-12-10 14:14:32,356 - dataset - INFO - Using temporal split strategy: quarter
2025-12-10 14:14:33,372 - dataset - INFO - Stratified split using 47 temporal buckets (quarter)
2025-12-10 14:14:34,233 - dataset - INFO - Bucket assignment: 39 train, 4 val, 4 test
2025-12-10 14:14:35,000 - dataset - INFO - Stratified split distribution (by quarter):
2025-12-10 14:14:35,877 - dataset - INFO -   train: 7,859,282 rows (82.8%), wildfire rate: 5.22%
2025-12-10 14:14:36,724 - dataset - INFO -   val: 788,678 rows (8.3%), wildfire rate: 5.79%
2025-12-10 14:14:37,659 - dataset - INFO -   test: 848,045 rows (8.9%), wildfire rate: 5.33%
2025-12-10 14:14:55,070 - dataset - INFO - 
============================================================
Constant Column Summary (columns with std=0 set to zero)
============================================================
Feature                             Count      Percentage
------------------------------------------------------------
pr                                   1136           3.06%
rmax                                   22           0.06%
tmmx                                    1           0.00%
vpd                                     2           0.01%
vs                                      5           0.01%
============================================================

2025-12-10 14:19:35,937 - dataset - INFO - Saved train split (7859282 rows) to ..\..\data\preprocessed_cache\train_0cde24a4497e.csv
2025-12-10 14:20:08,797 - dataset - INFO - Saved val split (788678 rows) to ..\..\data\preprocessed_cache\val_0cde24a4497e.csv
2025-12-10 14:20:42,681 - dataset - INFO - Saved test split (848045 rows) to ..\..\data\preprocessed_cache\test_0cde24a4497e.csv
2025-12-10 14:20:42,688 - dataset - INFO - Preprocessed data cached with key: 0cde24a4497e
2025-12-10 14:20:46,397 - dataset - INFO - Creating sequences for 35923 groups in split 'train'
2025-12-10 14:26:06,038 - dataset - DEBUG - Created 6792584 sequences for split train
2025-12-10 14:26:10,247 - dataset - INFO - Creating sequences for 16284 groups in split 'val'
2025-12-10 14:26:39,694 - dataset - DEBUG - Created 382493 sequences for split val
2025-12-10 14:26:41,644 - dataset - INFO - Creating sequences for 16295 groups in split 'test'
2025-12-10 14:27:18,715 - dataset - DEBUG - Created 430387 sequences for split test
2025-12-10 14:27:18,780 - trainer - DEBUG - Train dataset initialized with 6792584 samples.
2025-12-10 14:27:18,780 - trainer - DEBUG - Val dataset initialized with 382493 samples.
2025-12-10 14:27:18,780 - trainer - DEBUG - Test dataset initialized with 430387 samples.
2025-12-10 14:27:18,791 - trainer - INFO - Number of features: 12
2025-12-10 14:27:18,791 - trainer - INFO - Initializing model...
2025-12-10 14:27:19,352 - trainer - INFO - Model LSTM initialized and moved to device: cuda.
2025-12-10 14:27:19,353 - trainer - INFO - Using weighted BCE loss with minority_class_weight=10
2025-12-10 14:27:26,092 - trainer - INFO - Training components initialized.
2025-12-10 14:27:26,092 - trainer - INFO - Starting training...
2025-12-10 14:27:26,093 - trainer - INFO - Threshold used for metrics during training: 0.5
2025-12-10 14:33:34,404 - trainer - INFO - Epoch 1 - Train Loss: 0.6850, Metrics: {'FireOnsetRecall': tensor(0.5295, device='cuda:0'), 'FalseAlarmRate': tensor(0.1686, device='cuda:0'), 'BinaryAUROC': tensor(0.8007, device='cuda:0'), 'TrueWildfiresMetric': tensor(17944, device='cuda:0'), 'PredictedWildfiresMetric': tensor(61387, device='cuda:0'), 'BinaryPrecision': tensor(0.1702, device='cuda:0'), 'BinaryRecall': tensor(0.5823, device='cuda:0'), 'BinaryF1Score': tensor(0.2634, device='cuda:0')}
2025-12-10 14:37:53,826 - trainer - INFO - Epoch 1 - Validation Loss: 0.7742, Metrics: {'FireOnsetRecall': tensor(0.8085, device='cuda:0'), 'FalseAlarmRate': tensor(0.4284, device='cuda:0'), 'BinaryAUROC': tensor(0.8136, device='cuda:0'), 'TrueWildfiresMetric': tensor(25132, device='cuda:0'), 'PredictedWildfiresMetric': tensor(148630, device='cuda:0'), 'BinaryPrecision': tensor(0.1501, device='cuda:0'), 'BinaryRecall': tensor(0.8878, device='cuda:0'), 'BinaryF1Score': tensor(0.2568, device='cuda:0')}
2025-12-10 14:37:53,881 - trainer - INFO - Saved new best model to checkpoints/20251210_141325_c75fd459.pt
2025-12-10 14:44:19,190 - trainer - INFO - Epoch 2 - Train Loss: 0.8147, Metrics: {'FireOnsetRecall': tensor(0.5624, device='cuda:0'), 'FalseAlarmRate': tensor(0.1807, device='cuda:0'), 'BinaryAUROC': tensor(0.8442, device='cuda:0'), 'TrueWildfiresMetric': tensor(17918, device='cuda:0'), 'PredictedWildfiresMetric': tensor(66639, device='cuda:0'), 'BinaryPrecision': tensor(0.1809, device='cuda:0'), 'BinaryRecall': tensor(0.6730, device='cuda:0'), 'BinaryF1Score': tensor(0.2852, device='cuda:0')}
2025-12-10 14:47:18,197 - trainer - INFO - Epoch 2 - Validation Loss: 0.7026, Metrics: {'FireOnsetRecall': tensor(0.6807, device='cuda:0'), 'FalseAlarmRate': tensor(0.2680, device='cuda:0'), 'BinaryAUROC': tensor(0.8390, device='cuda:0'), 'TrueWildfiresMetric': tensor(25132, device='cuda:0'), 'PredictedWildfiresMetric': tensor(98890, device='cuda:0'), 'BinaryPrecision': tensor(0.2010, device='cuda:0'), 'BinaryRecall': tensor(0.7908, device='cuda:0'), 'BinaryF1Score': tensor(0.3205, device='cuda:0')}
2025-12-10 14:47:18,244 - trainer - INFO - Saved new best model to checkpoints/20251210_141325_c75fd459.pt
2025-12-10 14:49:58,193 - trainer - INFO - Epoch 3 - Train Loss: 0.5606, Metrics: {'FireOnsetRecall': tensor(0.5986, device='cuda:0'), 'FalseAlarmRate': tensor(0.1787, device='cuda:0'), 'BinaryAUROC': tensor(0.8612, device='cuda:0'), 'TrueWildfiresMetric': tensor(17805, device='cuda:0'), 'PredictedWildfiresMetric': tensor(66614, device='cuda:0'), 'BinaryPrecision': tensor(0.1892, device='cuda:0'), 'BinaryRecall': tensor(0.7079, device='cuda:0'), 'BinaryF1Score': tensor(0.2986, device='cuda:0')}
2025-12-10 14:50:37,988 - trainer - INFO - Epoch 3 - Validation Loss: 0.7205, Metrics: {'FireOnsetRecall': tensor(0.7590, device='cuda:0'), 'FalseAlarmRate': tensor(0.3268, device='cuda:0'), 'BinaryAUROC': tensor(0.8259, device='cuda:0'), 'TrueWildfiresMetric': tensor(25132, device='cuda:0'), 'PredictedWildfiresMetric': tensor(117291, device='cuda:0'), 'BinaryPrecision': tensor(0.1784, device='cuda:0'), 'BinaryRecall': tensor(0.8328, device='cuda:0'), 'BinaryF1Score': tensor(0.2939, device='cuda:0')}
2025-12-10 14:51:46,256 - trainer - INFO - Epoch 4 - Train Loss: 0.6312, Metrics: {'FireOnsetRecall': tensor(0.6314, device='cuda:0'), 'FalseAlarmRate': tensor(0.1817, device='cuda:0'), 'BinaryAUROC': tensor(0.8719, device='cuda:0'), 'TrueWildfiresMetric': tensor(17829, device='cuda:0'), 'PredictedWildfiresMetric': tensor(68024, device='cuda:0'), 'BinaryPrecision': tensor(0.1928, device='cuda:0'), 'BinaryRecall': tensor(0.7357, device='cuda:0'), 'BinaryF1Score': tensor(0.3055, device='cuda:0')}
2025-12-10 14:54:33,614 - trainer - INFO - Epoch 4 - Validation Loss: 0.6897, Metrics: {'FireOnsetRecall': tensor(0.7811, device='cuda:0'), 'FalseAlarmRate': tensor(0.3361, device='cuda:0'), 'BinaryAUROC': tensor(0.8466, device='cuda:0'), 'TrueWildfiresMetric': tensor(25132, device='cuda:0'), 'PredictedWildfiresMetric': tensor(121022, device='cuda:0'), 'BinaryPrecision': tensor(0.1810, device='cuda:0'), 'BinaryRecall': tensor(0.8718, device='cuda:0'), 'BinaryF1Score': tensor(0.2998, device='cuda:0')}
2025-12-10 14:54:33,643 - trainer - INFO - Saved new best model to checkpoints/20251210_141325_c75fd459.pt
2025-12-10 15:00:25,850 - trainer - INFO - Epoch 5 - Train Loss: 0.6939, Metrics: {'FireOnsetRecall': tensor(0.6238, device='cuda:0'), 'FalseAlarmRate': tensor(0.1830, device='cuda:0'), 'BinaryAUROC': tensor(0.8794, device='cuda:0'), 'TrueWildfiresMetric': tensor(17690, device='cuda:0'), 'PredictedWildfiresMetric': tensor(68730, device='cuda:0'), 'BinaryPrecision': tensor(0.1951, device='cuda:0'), 'BinaryRecall': tensor(0.7582, device='cuda:0'), 'BinaryF1Score': tensor(0.3104, device='cuda:0')}
2025-12-10 15:04:09,182 - trainer - INFO - Epoch 5 - Validation Loss: 0.7169, Metrics: {'FireOnsetRecall': tensor(0.8231, device='cuda:0'), 'FalseAlarmRate': tensor(0.3453, device='cuda:0'), 'BinaryAUROC': tensor(0.8505, device='cuda:0'), 'TrueWildfiresMetric': tensor(25132, device='cuda:0'), 'PredictedWildfiresMetric': tensor(124022, device='cuda:0'), 'BinaryPrecision': tensor(0.1791, device='cuda:0'), 'BinaryRecall': tensor(0.8837, device='cuda:0'), 'BinaryF1Score': tensor(0.2978, device='cuda:0')}
2025-12-10 15:11:38,775 - trainer - INFO - Epoch 6 - Train Loss: 0.3640, Metrics: {'FireOnsetRecall': tensor(0.6595, device='cuda:0'), 'FalseAlarmRate': tensor(0.1840, device='cuda:0'), 'BinaryAUROC': tensor(0.8848, device='cuda:0'), 'TrueWildfiresMetric': tensor(18045, device='cuda:0'), 'PredictedWildfiresMetric': tensor(69533, device='cuda:0'), 'BinaryPrecision': tensor(0.2008, device='cuda:0'), 'BinaryRecall': tensor(0.7737, device='cuda:0'), 'BinaryF1Score': tensor(0.3188, device='cuda:0')}
2025-12-10 15:14:32,310 - trainer - INFO - Epoch 6 - Validation Loss: 0.6970, Metrics: {'FireOnsetRecall': tensor(0.7705, device='cuda:0'), 'FalseAlarmRate': tensor(0.3296, device='cuda:0'), 'BinaryAUROC': tensor(0.8441, device='cuda:0'), 'TrueWildfiresMetric': tensor(25132, device='cuda:0'), 'PredictedWildfiresMetric': tensor(119122, device='cuda:0'), 'BinaryPrecision': tensor(0.1840, device='cuda:0'), 'BinaryRecall': tensor(0.8722, device='cuda:0'), 'BinaryF1Score': tensor(0.3039, device='cuda:0')}
2025-12-10 15:18:20,376 - trainer - INFO - Epoch 7 - Train Loss: 0.3175, Metrics: {'FireOnsetRecall': tensor(0.6508, device='cuda:0'), 'FalseAlarmRate': tensor(0.1775, device='cuda:0'), 'BinaryAUROC': tensor(0.8924, device='cuda:0'), 'TrueWildfiresMetric': tensor(17638, device='cuda:0'), 'PredictedWildfiresMetric': tensor(67454, device='cuda:0'), 'BinaryPrecision': tensor(0.2044, device='cuda:0'), 'BinaryRecall': tensor(0.7818, device='cuda:0'), 'BinaryF1Score': tensor(0.3241, device='cuda:0')}
2025-12-10 15:22:05,168 - trainer - INFO - Epoch 7 - Validation Loss: 0.7096, Metrics: {'FireOnsetRecall': tensor(0.7492, device='cuda:0'), 'FalseAlarmRate': tensor(0.3178, device='cuda:0'), 'BinaryAUROC': tensor(0.8443, device='cuda:0'), 'TrueWildfiresMetric': tensor(25132, device='cuda:0'), 'PredictedWildfiresMetric': tensor(115135, device='cuda:0'), 'BinaryPrecision': tensor(0.1860, device='cuda:0'), 'BinaryRecall': tensor(0.8520, device='cuda:0'), 'BinaryF1Score': tensor(0.3053, device='cuda:0')}
2025-12-10 15:27:17,605 - trainer - INFO - Epoch 8 - Train Loss: 0.4812, Metrics: {'FireOnsetRecall': tensor(0.6712, device='cuda:0'), 'FalseAlarmRate': tensor(0.1834, device='cuda:0'), 'BinaryAUROC': tensor(0.8916, device='cuda:0'), 'TrueWildfiresMetric': tensor(17817, device='cuda:0'), 'PredictedWildfiresMetric': tensor(69528, device='cuda:0'), 'BinaryPrecision': tensor(0.2030, device='cuda:0'), 'BinaryRecall': tensor(0.7922, device='cuda:0'), 'BinaryF1Score': tensor(0.3232, device='cuda:0')}
2025-12-10 15:30:55,988 - trainer - INFO - Epoch 8 - Validation Loss: 0.6782, Metrics: {'FireOnsetRecall': tensor(0.7576, device='cuda:0'), 'FalseAlarmRate': tensor(0.2925, device='cuda:0'), 'BinaryAUROC': tensor(0.8510, device='cuda:0'), 'TrueWildfiresMetric': tensor(25132, device='cuda:0'), 'PredictedWildfiresMetric': tensor(107393, device='cuda:0'), 'BinaryPrecision': tensor(0.1969, device='cuda:0'), 'BinaryRecall': tensor(0.8413, device='cuda:0'), 'BinaryF1Score': tensor(0.3191, device='cuda:0')}
2025-12-10 15:30:56,024 - trainer - INFO - Saved new best model to checkpoints/20251210_141325_c75fd459.pt
2025-12-10 15:36:07,624 - trainer - INFO - Epoch 9 - Train Loss: 0.4226, Metrics: {'FireOnsetRecall': tensor(0.6701, device='cuda:0'), 'FalseAlarmRate': tensor(0.1766, device='cuda:0'), 'BinaryAUROC': tensor(0.8970, device='cuda:0'), 'TrueWildfiresMetric': tensor(17724, device='cuda:0'), 'PredictedWildfiresMetric': tensor(67527, device='cuda:0'), 'BinaryPrecision': tensor(0.2095, device='cuda:0'), 'BinaryRecall': tensor(0.7981, device='cuda:0'), 'BinaryF1Score': tensor(0.3318, device='cuda:0')}
2025-12-10 15:39:51,835 - trainer - INFO - Epoch 9 - Validation Loss: 0.6697, Metrics: {'FireOnsetRecall': tensor(0.7466, device='cuda:0'), 'FalseAlarmRate': tensor(0.2991, device='cuda:0'), 'BinaryAUROC': tensor(0.8543, device='cuda:0'), 'TrueWildfiresMetric': tensor(25132, device='cuda:0'), 'PredictedWildfiresMetric': tensor(109703, device='cuda:0'), 'BinaryPrecision': tensor(0.1961, device='cuda:0'), 'BinaryRecall': tensor(0.8560, device='cuda:0'), 'BinaryF1Score': tensor(0.3191, device='cuda:0')}
2025-12-10 15:39:51,857 - trainer - INFO - Saved new best model to checkpoints/20251210_141325_c75fd459.pt
2025-12-10 15:44:51,774 - trainer - INFO - Epoch 10 - Train Loss: 0.3714, Metrics: {'FireOnsetRecall': tensor(0.6683, device='cuda:0'), 'FalseAlarmRate': tensor(0.1734, device='cuda:0'), 'BinaryAUROC': tensor(0.9011, device='cuda:0'), 'TrueWildfiresMetric': tensor(17802, device='cuda:0'), 'PredictedWildfiresMetric': tensor(66675, device='cuda:0'), 'BinaryPrecision': tensor(0.2141, device='cuda:0'), 'BinaryRecall': tensor(0.8019, device='cuda:0'), 'BinaryF1Score': tensor(0.3380, device='cuda:0')}
2025-12-10 15:48:36,184 - trainer - INFO - Epoch 10 - Validation Loss: 0.6848, Metrics: {'FireOnsetRecall': tensor(0.7382, device='cuda:0'), 'FalseAlarmRate': tensor(0.2842, device='cuda:0'), 'BinaryAUROC': tensor(0.8512, device='cuda:0'), 'TrueWildfiresMetric': tensor(25132, device='cuda:0'), 'PredictedWildfiresMetric': tensor(104929, device='cuda:0'), 'BinaryPrecision': tensor(0.2014, device='cuda:0'), 'BinaryRecall': tensor(0.8410, device='cuda:0'), 'BinaryF1Score': tensor(0.3250, device='cuda:0')}
2025-12-10 15:52:40,199 - trainer - INFO - Epoch 11 - Train Loss: 0.6704, Metrics: {'FireOnsetRecall': tensor(0.6797, device='cuda:0'), 'FalseAlarmRate': tensor(0.1706, device='cuda:0'), 'BinaryAUROC': tensor(0.9042, device='cuda:0'), 'TrueWildfiresMetric': tensor(17716, device='cuda:0'), 'PredictedWildfiresMetric': tensor(65847, device='cuda:0'), 'BinaryPrecision': tensor(0.2167, device='cuda:0'), 'BinaryRecall': tensor(0.8053, device='cuda:0'), 'BinaryF1Score': tensor(0.3414, device='cuda:0')}
2025-12-10 15:53:21,034 - trainer - INFO - Epoch 11 - Validation Loss: 0.6867, Metrics: {'FireOnsetRecall': tensor(0.7046, device='cuda:0'), 'FalseAlarmRate': tensor(0.2456, device='cuda:0'), 'BinaryAUROC': tensor(0.8543, device='cuda:0'), 'TrueWildfiresMetric': tensor(25132, device='cuda:0'), 'PredictedWildfiresMetric': tensor(92589, device='cuda:0'), 'BinaryPrecision': tensor(0.2179, device='cuda:0'), 'BinaryRecall': tensor(0.8028, device='cuda:0'), 'BinaryF1Score': tensor(0.3428, device='cuda:0')}
2025-12-10 15:54:22,959 - trainer - INFO - Epoch 12 - Train Loss: 0.2746, Metrics: {'FireOnsetRecall': tensor(0.7105, device='cuda:0'), 'FalseAlarmRate': tensor(0.1701, device='cuda:0'), 'BinaryAUROC': tensor(0.9057, device='cuda:0'), 'TrueWildfiresMetric': tensor(17842, device='cuda:0'), 'PredictedWildfiresMetric': tensor(65845, device='cuda:0'), 'BinaryPrecision': tensor(0.2194, device='cuda:0'), 'BinaryRecall': tensor(0.8097, device='cuda:0'), 'BinaryF1Score': tensor(0.3452, device='cuda:0')}
2025-12-10 15:55:02,085 - trainer - INFO - Epoch 12 - Validation Loss: 0.6749, Metrics: {'FireOnsetRecall': tensor(0.7545, device='cuda:0'), 'FalseAlarmRate': tensor(0.2673, device='cuda:0'), 'BinaryAUROC': tensor(0.8569, device='cuda:0'), 'TrueWildfiresMetric': tensor(25132, device='cuda:0'), 'PredictedWildfiresMetric': tensor(99694, device='cuda:0'), 'BinaryPrecision': tensor(0.2093, device='cuda:0'), 'BinaryRecall': tensor(0.8301, device='cuda:0'), 'BinaryF1Score': tensor(0.3343, device='cuda:0')}
2025-12-10 15:56:01,758 - trainer - INFO - Epoch 13 - Train Loss: 0.3853, Metrics: {'FireOnsetRecall': tensor(0.7093, device='cuda:0'), 'FalseAlarmRate': tensor(0.1691, device='cuda:0'), 'BinaryAUROC': tensor(0.9087, device='cuda:0'), 'TrueWildfiresMetric': tensor(18015, device='cuda:0'), 'PredictedWildfiresMetric': tensor(65839, device='cuda:0'), 'BinaryPrecision': tensor(0.2242, device='cuda:0'), 'BinaryRecall': tensor(0.8193, device='cuda:0'), 'BinaryF1Score': tensor(0.3520, device='cuda:0')}
2025-12-10 15:56:40,546 - trainer - INFO - Epoch 13 - Validation Loss: 0.7110, Metrics: {'FireOnsetRecall': tensor(0.7099, device='cuda:0'), 'FalseAlarmRate': tensor(0.2534, device='cuda:0'), 'BinaryAUROC': tensor(0.8517, device='cuda:0'), 'TrueWildfiresMetric': tensor(25132, device='cuda:0'), 'PredictedWildfiresMetric': tensor(95090, device='cuda:0'), 'BinaryPrecision': tensor(0.2143, device='cuda:0'), 'BinaryRecall': tensor(0.8107, device='cuda:0'), 'BinaryF1Score': tensor(0.3389, device='cuda:0')}
2025-12-10 15:57:41,106 - trainer - INFO - Epoch 14 - Train Loss: 1.0832, Metrics: {'FireOnsetRecall': tensor(0.6725, device='cuda:0'), 'FalseAlarmRate': tensor(0.1657, device='cuda:0'), 'BinaryAUROC': tensor(0.9105, device='cuda:0'), 'TrueWildfiresMetric': tensor(17993, device='cuda:0'), 'PredictedWildfiresMetric': tensor(64746, device='cuda:0'), 'BinaryPrecision': tensor(0.2269, device='cuda:0'), 'BinaryRecall': tensor(0.8164, device='cuda:0'), 'BinaryF1Score': tensor(0.3551, device='cuda:0')}
2025-12-10 15:58:20,047 - trainer - INFO - Epoch 14 - Validation Loss: 0.6902, Metrics: {'FireOnsetRecall': tensor(0.7054, device='cuda:0'), 'FalseAlarmRate': tensor(0.2818, device='cuda:0'), 'BinaryAUROC': tensor(0.8461, device='cuda:0'), 'TrueWildfiresMetric': tensor(25132, device='cuda:0'), 'PredictedWildfiresMetric': tensor(103615, device='cuda:0'), 'BinaryPrecision': tensor(0.1981, device='cuda:0'), 'BinaryRecall': tensor(0.8168, device='cuda:0'), 'BinaryF1Score': tensor(0.3189, device='cuda:0')}
2025-12-10 15:59:19,260 - trainer - INFO - Epoch 15 - Train Loss: 0.6618, Metrics: {'FireOnsetRecall': tensor(0.6856, device='cuda:0'), 'FalseAlarmRate': tensor(0.1619, device='cuda:0'), 'BinaryAUROC': tensor(0.9128, device='cuda:0'), 'TrueWildfiresMetric': tensor(17831, device='cuda:0'), 'PredictedWildfiresMetric': tensor(63487, device='cuda:0'), 'BinaryPrecision': tensor(0.2296, device='cuda:0'), 'BinaryRecall': tensor(0.8175, device='cuda:0'), 'BinaryF1Score': tensor(0.3585, device='cuda:0')}
2025-12-10 15:59:59,644 - trainer - INFO - Epoch 15 - Validation Loss: 0.7270, Metrics: {'FireOnsetRecall': tensor(0.7178, device='cuda:0'), 'FalseAlarmRate': tensor(0.2597, device='cuda:0'), 'BinaryAUROC': tensor(0.8518, device='cuda:0'), 'TrueWildfiresMetric': tensor(25132, device='cuda:0'), 'PredictedWildfiresMetric': tensor(97013, device='cuda:0'), 'BinaryPrecision': tensor(0.2107, device='cuda:0'), 'BinaryRecall': tensor(0.8132, device='cuda:0'), 'BinaryF1Score': tensor(0.3347, device='cuda:0')}
2025-12-10 16:00:59,293 - trainer - INFO - Epoch 16 - Train Loss: 1.5440, Metrics: {'FireOnsetRecall': tensor(0.6966, device='cuda:0'), 'FalseAlarmRate': tensor(0.1616, device='cuda:0'), 'BinaryAUROC': tensor(0.9146, device='cuda:0'), 'TrueWildfiresMetric': tensor(17979, device='cuda:0'), 'PredictedWildfiresMetric': tensor(63591, device='cuda:0'), 'BinaryPrecision': tensor(0.2324, device='cuda:0'), 'BinaryRecall': tensor(0.8221, device='cuda:0'), 'BinaryF1Score': tensor(0.3624, device='cuda:0')}
2025-12-10 16:01:38,097 - trainer - INFO - Epoch 16 - Validation Loss: 0.7023, Metrics: {'FireOnsetRecall': tensor(0.6882, device='cuda:0'), 'FalseAlarmRate': tensor(0.2431, device='cuda:0'), 'BinaryAUROC': tensor(0.8471, device='cuda:0'), 'TrueWildfiresMetric': tensor(25132, device='cuda:0'), 'PredictedWildfiresMetric': tensor(91232, device='cuda:0'), 'BinaryPrecision': tensor(0.2142, device='cuda:0'), 'BinaryRecall': tensor(0.7777, device='cuda:0'), 'BinaryF1Score': tensor(0.3359, device='cuda:0')}
2025-12-10 16:02:38,603 - trainer - INFO - Epoch 17 - Train Loss: 0.5044, Metrics: {'FireOnsetRecall': tensor(0.6966, device='cuda:0'), 'FalseAlarmRate': tensor(0.1598, device='cuda:0'), 'BinaryAUROC': tensor(0.9169, device='cuda:0'), 'TrueWildfiresMetric': tensor(17903, device='cuda:0'), 'PredictedWildfiresMetric': tensor(63073, device='cuda:0'), 'BinaryPrecision': tensor(0.2348, device='cuda:0'), 'BinaryRecall': tensor(0.8271, device='cuda:0'), 'BinaryF1Score': tensor(0.3657, device='cuda:0')}
2025-12-10 16:03:17,090 - trainer - INFO - Epoch 17 - Validation Loss: 0.6850, Metrics: {'FireOnsetRecall': tensor(0.7023, device='cuda:0'), 'FalseAlarmRate': tensor(0.2416, device='cuda:0'), 'BinaryAUROC': tensor(0.8533, device='cuda:0'), 'TrueWildfiresMetric': tensor(25132, device='cuda:0'), 'PredictedWildfiresMetric': tensor(91075, device='cuda:0'), 'BinaryPrecision': tensor(0.2177, device='cuda:0'), 'BinaryRecall': tensor(0.7889, device='cuda:0'), 'BinaryF1Score': tensor(0.3412, device='cuda:0')}
2025-12-10 16:04:17,983 - trainer - INFO - Epoch 18 - Train Loss: 0.3459, Metrics: {'FireOnsetRecall': tensor(0.7045, device='cuda:0'), 'FalseAlarmRate': tensor(0.1592, device='cuda:0'), 'BinaryAUROC': tensor(0.9168, device='cuda:0'), 'TrueWildfiresMetric': tensor(17962, device='cuda:0'), 'PredictedWildfiresMetric': tensor(62947, device='cuda:0'), 'BinaryPrecision': tensor(0.2360, device='cuda:0'), 'BinaryRecall': tensor(0.8271, device='cuda:0'), 'BinaryF1Score': tensor(0.3673, device='cuda:0')}
2025-12-10 16:04:58,839 - trainer - INFO - Epoch 18 - Validation Loss: 0.6956, Metrics: {'FireOnsetRecall': tensor(0.7435, device='cuda:0'), 'FalseAlarmRate': tensor(0.3055, device='cuda:0'), 'BinaryAUROC': tensor(0.8507, device='cuda:0'), 'TrueWildfiresMetric': tensor(25132, device='cuda:0'), 'PredictedWildfiresMetric': tensor(111626, device='cuda:0'), 'BinaryPrecision': tensor(0.1930, device='cuda:0'), 'BinaryRecall': tensor(0.8572, device='cuda:0'), 'BinaryF1Score': tensor(0.3151, device='cuda:0')}
2025-12-10 16:05:59,390 - trainer - INFO - Epoch 19 - Train Loss: 0.2056, Metrics: {'FireOnsetRecall': tensor(0.6878, device='cuda:0'), 'FalseAlarmRate': tensor(0.1583, device='cuda:0'), 'BinaryAUROC': tensor(0.9182, device='cuda:0'), 'TrueWildfiresMetric': tensor(17971, device='cuda:0'), 'PredictedWildfiresMetric': tensor(62705, device='cuda:0'), 'BinaryPrecision': tensor(0.2375, device='cuda:0'), 'BinaryRecall': tensor(0.8288, device='cuda:0'), 'BinaryF1Score': tensor(0.3692, device='cuda:0')}
2025-12-10 16:06:38,457 - trainer - INFO - Epoch 19 - Validation Loss: 0.7308, Metrics: {'FireOnsetRecall': tensor(0.7099, device='cuda:0'), 'FalseAlarmRate': tensor(0.2553, device='cuda:0'), 'BinaryAUROC': tensor(0.8480, device='cuda:0'), 'TrueWildfiresMetric': tensor(25132, device='cuda:0'), 'PredictedWildfiresMetric': tensor(95320, device='cuda:0'), 'BinaryPrecision': tensor(0.2102, device='cuda:0'), 'BinaryRecall': tensor(0.7973, device='cuda:0'), 'BinaryF1Score': tensor(0.3327, device='cuda:0')}
2025-12-10 16:07:37,202 - trainer - INFO - Epoch 20 - Train Loss: 0.2867, Metrics: {'FireOnsetRecall': tensor(0.7143, device='cuda:0'), 'FalseAlarmRate': tensor(0.1576, device='cuda:0'), 'BinaryAUROC': tensor(0.9203, device='cuda:0'), 'TrueWildfiresMetric': tensor(17959, device='cuda:0'), 'PredictedWildfiresMetric': tensor(62640, device='cuda:0'), 'BinaryPrecision': tensor(0.2399, device='cuda:0'), 'BinaryRecall': tensor(0.8367, device='cuda:0'), 'BinaryF1Score': tensor(0.3729, device='cuda:0')}
2025-12-10 16:08:15,385 - trainer - INFO - Epoch 20 - Validation Loss: 0.7136, Metrics: {'FireOnsetRecall': tensor(0.6776, device='cuda:0'), 'FalseAlarmRate': tensor(0.2450, device='cuda:0'), 'BinaryAUROC': tensor(0.8483, device='cuda:0'), 'TrueWildfiresMetric': tensor(25132, device='cuda:0'), 'PredictedWildfiresMetric': tensor(91974, device='cuda:0'), 'BinaryPrecision': tensor(0.2145, device='cuda:0'), 'BinaryRecall': tensor(0.7850, device='cuda:0'), 'BinaryF1Score': tensor(0.3369, device='cuda:0')}
2025-12-10 16:08:15,385 - trainer - INFO - Training finished.
2025-12-10 16:08:15,387 - trainer - INFO - Tuning threshold to maximize FireOnsetRecall with FAR <= 0.2500...
2025-12-10 16:08:26,447 - trainer - INFO - Optimal threshold: 0.5900 (FireOnsetRecall: 0.6429, FAR: 0.2442)
2025-12-10 16:08:26,459 - trainer - INFO - Threshold updated to 0.5900
2025-12-10 16:08:26,460 - trainer - INFO - Starting testing with best model checkpoint...
2025-12-10 16:09:24,892 - trainer - INFO - Test Loss: 0.9812, Metrics: {'FireOnsetRecall': tensor(0.4521, device='cuda:0'), 'FalseAlarmRate': tensor(0.1749, device='cuda:0'), 'BinaryAUROC': tensor(0.7797, device='cuda:0'), 'TrueWildfiresMetric': tensor(31403, device='cuda:0'), 'PredictedWildfiresMetric': tensor(86713, device='cuda:0'), 'BinaryPrecision': tensor(0.1952, device='cuda:0'), 'BinaryRecall': tensor(0.5391, device='cuda:0'), 'BinaryF1Score': tensor(0.2866, device='cuda:0')}
2025-12-10 16:09:28,500 - trainer - INFO - Test results saved to results/20251210_141325_c75fd459.csv
2025-12-10 16:09:28,509 - trainer - INFO - Testing finished.
2025-12-10 16:09:28,520 - __main__ - INFO - Total execution time: 6962.59 seconds
