2025-12-05 18:38:36,069 - __main__ - INFO - Loaded configuration from src/backend/config.yaml
2025-12-05 18:38:36,069 - __main__ - DEBUG - Configuration: {'data': {'path': 'data/Wildfire_Dataset.csv', 'features': ['pr', 'rmax', 'rmin', 'sph', 'srad', 'tmmn', 'tmmx', 'vs', 'bi', 'fm100', 'fm1000', 'erc', 'etr', 'pet', 'vpd'], 'split_ratios': {'train': 0.8, 'val': 0.1, 'test': 0.1}, 'window_size': 30, 'temporal_bucket': 'quarter'}, 'model': {'name': 'LSTM', 'params': {'hidden_size': 64, 'num_layers': 2, 'dropout': 0.1, 'bidirectional': False}, 'threshold': 0.5}, 'training': {'batch_size': 32, 'epochs': 5, 'max_steps_per_epoch': None, 'learning_rate': 0.001, 'loss_function': 'BCE', 'minority_class_weight': 16.5, 'optimizer': 'Adam', 'tune_threshold': True, 'metrics': ['Precision', 'Recall', 'F1Score', 'TrueWildfires', 'PredictedWildfires']}, 'system': {'seed': 42, 'log_dir': 'src/backend/logs/', 'results_dir': 'src/backend/results/', 'checkpoint_dir': 'src/backend/checkpoints/', 'verbose': True, 'experiment_id': '20251205_183836_471a6b2d'}}
2025-12-05 18:38:36,095 - trainer - INFO - Random seed set to 42 for reproducibility
2025-12-05 18:38:36,099 - trainer - INFO - Using CUDA device: NVIDIA GeForce RTX 4060 Laptop GPU
2025-12-05 18:38:36,099 - trainer - INFO - Initializing datasets...
2025-12-05 18:38:36,099 - dataset - INFO - Found cached preprocessed data, loading from cache...
2025-12-05 18:38:36,099 - dataset - INFO - Loading preprocessed data from cache (key: 6d1bcb3d4045)
2025-12-05 18:38:54,439 - dataset - INFO - Loaded train split (7849246 rows) from cache
2025-12-05 18:38:56,324 - dataset - INFO - Loaded val split (788350 rows) from cache
2025-12-05 18:38:58,269 - dataset - INFO - Loaded test split (847129 rows) from cache
2025-12-05 18:39:01,288 - dataset - INFO - Creating sequences for 35620 groups in split 'train'
2025-12-05 18:40:02,916 - dataset - DEBUG - Created 6791288 sequences for split train
2025-12-05 18:40:04,578 - dataset - INFO - Creating sequences for 16222 groups in split 'val'
2025-12-05 18:40:10,846 - dataset - DEBUG - Created 383669 sequences for split val
2025-12-05 18:40:11,901 - dataset - INFO - Creating sequences for 16241 groups in split 'test'
2025-12-05 18:40:21,389 - dataset - DEBUG - Created 430879 sequences for split test
2025-12-05 18:40:21,432 - trainer - DEBUG - Train dataset initialized with 6791288 samples.
2025-12-05 18:40:21,432 - trainer - DEBUG - Val dataset initialized with 383669 samples.
2025-12-05 18:40:21,432 - trainer - DEBUG - Test dataset initialized with 430879 samples.
2025-12-05 18:40:21,442 - trainer - INFO - Number of features: 19
2025-12-05 18:40:21,442 - trainer - INFO - Initializing model...
2025-12-05 18:40:22,052 - trainer - INFO - Model LSTM initialized and moved to device: cuda.
2025-12-05 18:40:22,052 - trainer - INFO - Using weighted BCE loss with minority_class_weight=16.5
2025-12-05 18:40:24,541 - trainer - INFO - Training components initialized.
2025-12-05 18:40:24,541 - trainer - INFO - Starting training...
2025-12-05 18:40:24,541 - trainer - INFO - Threshold used for metrics during training: 0.5
2025-12-05 19:26:11,812 - trainer - INFO - Epoch 1 - Train Loss: 0.3468, Metrics: {'BinaryPrecision': tensor(0.2293, device='cuda:0'), 'BinaryRecall': tensor(0.9169, device='cuda:0'), 'BinaryF1Score': tensor(0.3669, device='cuda:0'), 'TrueWildfiresMetric': tensor(380590, device='cuda:0'), 'PredictedWildfiresMetric': tensor(1521884, device='cuda:0')}
2025-12-05 19:26:49,891 - trainer - INFO - Epoch 1 - Validation Loss: 0.3274, Metrics: {'BinaryPrecision': tensor(0.2301, device='cuda:0'), 'BinaryRecall': tensor(0.9071, device='cuda:0'), 'BinaryF1Score': tensor(0.3671, device='cuda:0'), 'TrueWildfiresMetric': tensor(30514, device='cuda:0'), 'PredictedWildfiresMetric': tensor(120297, device='cuda:0')}
2025-12-05 19:26:49,970 - trainer - INFO - Saved new best model to src/backend/checkpoints/20251205_183836_471a6b2d.pt
